[ 2016-07-20T14:04:07+08:00 ] ::1 /cyl/
INFO: [ app_init ] --START--
INFO: Run Behavior\BuildLiteBehavior [ RunTime:0.000043s ]
INFO: [ app_init ] --END-- [ RunTime:0.000791s ]
INFO: [ app_begin ] --START--
INFO: Run Behavior\ReadHtmlCacheBehavior [ RunTime:0.001684s ]
INFO: [ app_begin ] --END-- [ RunTime:0.002007s ]
NOTIC: [8192] mysql_connect(): The mysql extension is deprecated and will be removed in the future: use mysqli or PDO instead E:\wamp\www\cyl\ThinkPHP\Library\Think\Session\Driver\Db.class.php 第 95 行.
NOTIC: [8] Undefined variable: data E:\wamp\www\cyl\Application\Home\Controller\IndexController.class.php 第 26 行.
INFO: [ view_parse ] --START--
INFO: [ template_filter ] --START--
INFO: Run Behavior\ContentReplaceBehavior [ RunTime:0.000346s ]
INFO: [ template_filter ] --END-- [ RunTime:0.000542s ]
INFO: [ view_parse ] --START--
INFO: [ template_filter ] --START--
INFO: Run Behavior\ContentReplaceBehavior [ RunTime:0.000140s ]
INFO: [ template_filter ] --END-- [ RunTime:-0.028771s ]
NOTIC: [8] Undefined index: account E:\wamp\www\cyl\Application\Runtime\Cache\Home\89aa31ee82b248714b700c2369a83d7b.php 第 40 行.
NOTIC: [8] Undefined variable: keyword E:\wamp\www\cyl\Application\Runtime\Cache\Home\89aa31ee82b248714b700c2369a83d7b.php 第 68 行.
NOTIC: [8] Undefined index: item_category E:\wamp\www\cyl\Application\Runtime\Cache\Home\89aa31ee82b248714b700c2369a83d7b.php 第 99 行.
NOTIC: [2] Invalid argument supplied for foreach() E:\wamp\www\cyl\Application\Runtime\Cache\Home\89aa31ee82b248714b700c2369a83d7b.php 第 99 行.
NOTIC: [8] Undefined index: cart_num E:\wamp\www\cyl\Application\Runtime\Cache\Home\89aa31ee82b248714b700c2369a83d7b.php 第 119 行.
INFO: Run Behavior\ParseTemplateBehavior [ RunTime:0.012658s ]
INFO: [ view_parse ] --END-- [ RunTime:0.013063s ]
INFO: [ view_filter ] --START--
INFO: Run Behavior\WriteHtmlCacheBehavior [ RunTime:0.001180s ]
INFO: [ view_filter ] --END-- [ RunTime:0.001456s ]
INFO: [ view_parse ] --START--
INFO: [ template_filter ] --START--
INFO: Run Behavior\ContentReplaceBehavior [ RunTime:0.000119s ]
INFO: [ template_filter ] --END-- [ RunTime:-0.045265s ]
INFO: Run Behavior\ParseTemplateBehavior [ RunTime:0.008244s ]
INFO: [ view_parse ] --END-- [ RunTime:-0.002293s ]
INFO: [ view_filter ] --START--
INFO: Run Behavior\WriteHtmlCacheBehavior [ RunTime:0.000044s ]
INFO: [ view_filter ] --END-- [ RunTime:-0.009243s ]
INFO: Run Behavior\ParseTemplateBehavior [ RunTime:0.008804s ]
INFO: [ view_parse ] --END-- [ RunTime:-0.002293s ]
INFO: [ view_filter ] --START--
INFO: Run Behavior\WriteHtmlCacheBehavior [ RunTime:0.000060s ]
INFO: [ view_filter ] --END-- [ RunTime:-0.009812s ]
INFO: [ app_end ] --START--
INFO: Run Behavior\ShowPageTraceBehavior [ RunTime:0.001505s ]
INFO: [ app_end ] --END-- [ RunTime:0.001824s ]

[ 2016-07-20T14:04:08+08:00 ] ::1 /cyl/Public/Home/css/style.css
INFO: [ app_init ] --START--
INFO: Run Behavior\BuildLiteBehavior [ RunTime:0.000074s ]
INFO: [ app_init ] --END-- [ RunTime:0.001289s ]
INFO: [ app_begin ] --START--
INFO: Run Behavior\ReadHtmlCacheBehavior [ RunTime:0.001809s ]
INFO: [ app_begin ] --END-- [ RunTime:0.002747s ]
NOTIC: [8192] mysql_connect(): The mysql extension is deprecated and will be removed in the future: use mysqli or PDO instead E:\wamp\www\cyl\ThinkPHP\Library\Think\Session\Driver\Db.class.php 第 95 行.
ERR: 无法加载控制器:Public

[ 2016-07-20T14:04:08+08:00 ] ::1 /cyl/Public/Home/css/jform.css
INFO: [ app_init ] --START--
INFO: Run Behavior\BuildLiteBehavior [ RunTime:0.000083s ]
INFO: [ app_init ] --END-- [ RunTime:0.001192s ]
INFO: [ app_begin ] --START--
INFO: Run Behavior\ReadHtmlCacheBehavior [ RunTime:0.002545s ]
INFO: [ app_begin ] --END-- [ RunTime:0.002931s ]
NOTIC: [8192] mysql_connect(): The mysql extension is deprecated and will be removed in the future: use mysqli or PDO instead E:\wamp\www\cyl\ThinkPHP\Library\Think\Session\Driver\Db.class.php 第 95 行.
ERR: 无法加载控制器:Public

[ 2016-07-20T14:04:08+08:00 ] ::1 /cyl/Public/Home/css/public/font-awesome.min.css
INFO: [ app_init ] --START--
INFO: Run Behavior\BuildLiteBehavior [ RunTime:0.000145s ]
INFO: [ app_init ] --END-- [ RunTime:0.001850s ]
INFO: [ app_begin ] --START--
INFO: Run Behavior\ReadHtmlCacheBehavior [ RunTime:0.002108s ]
INFO: [ app_begin ] --END-- [ RunTime:0.002574s ]
NOTIC: [8192] mysql_connect(): The mysql extension is deprecated and will be removed in the future: use mysqli or PDO instead E:\wamp\www\cyl\ThinkPHP\Library\Think\Session\Driver\Db.class.php 第 95 行.
ERR: 无法加载控制器:Public

[ 2016-07-20T14:04:08+08:00 ] ::1 /cyl/Public/Home/css/public/reset.css
INFO: [ app_init ] --START--
INFO: Run Behavior\BuildLiteBehavior [ RunTime:0.000072s ]
INFO: [ app_init ] --END-- [ RunTime:0.001056s ]
INFO: [ app_begin ] --START--
INFO: Run Behavior\ReadHtmlCacheBehavior [ RunTime:0.001295s ]
INFO: [ app_begin ] --END-- [ RunTime:0.001650s ]
NOTIC: [8192] mysql_connect(): The mysql extension is deprecated and will be removed in the future: use mysqli or PDO instead E:\wamp\www\cyl\ThinkPHP\Library\Think\Session\Driver\Db.class.php 第 95 行.
ERR: 无法加载控制器:Public

[ 2016-07-20T14:04:08+08:00 ] ::1 /cyl/Public/Home/css/user.css
INFO: [ app_init ] --START--
INFO: Run Behavior\BuildLiteBehavior [ RunTime:0.000082s ]
INFO: [ app_init ] --END-- [ RunTime:0.001466s ]
INFO: [ app_begin ] --START--
INFO: Run Behavior\ReadHtmlCacheBehavior [ RunTime:0.000937s ]
INFO: [ app_begin ] --END-- [ RunTime:0.001123s ]
NOTIC: [8192] mysql_connect(): The mysql extension is deprecated and will be removed in the future: use mysqli or PDO instead E:\wamp\www\cyl\ThinkPHP\Library\Think\Session\Driver\Db.class.php 第 95 行.
ERR: 无法加载控制器:Public

[ 2016-07-20T14:04:08+08:00 ] ::1 /cyl/Public/Home/js/mySystem.js
INFO: [ app_init ] --START--
INFO: Run Behavior\BuildLiteBehavior [ RunTime:0.000080s ]
INFO: [ app_init ] --END-- [ RunTime:0.001127s ]
INFO: [ app_begin ] --START--
INFO: Run Behavior\ReadHtmlCacheBehavior [ RunTime:0.002021s ]
INFO: [ app_begin ] --END-- [ RunTime:0.002446s ]
NOTIC: [8192] mysql_connect(): The mysql extension is deprecated and will be removed in the future: use mysqli or PDO instead E:\wamp\www\cyl\ThinkPHP\Library\Think\Session\Driver\Db.class.php 第 95 行.
ERR: 无法加载控制器:Public

[ 2016-07-20T14:04:08+08:00 ] ::1 /cyl/Public/Home/images/logo.jpg
INFO: [ app_init ] --START--
INFO: Run Behavior\BuildLiteBehavior [ RunTime:0.000043s ]
INFO: [ app_init ] --END-- [ RunTime:0.000732s ]

[ 2016-07-20T14:04:08+08:00 ] ::1 /cyl/Public/Home/images/index_10.jpg
INFO: [ app_init ] --START--
INFO: Run Behavior\BuildLiteBehavior [ RunTime:0.000077s ]
INFO: [ app_init ] --END-- [ RunTime:0.001084s ]

[ 2016-07-20T14:04:08+08:00 ] ::1 /cyl/Public/Home/images/index_08.jpg
INFO: [ app_init ] --START--
INFO: Run Behavior\BuildLiteBehavior [ RunTime:0.000457s ]
INFO: [ app_init ] --END-- [ RunTime:0.002665s ]

[ 2016-07-20T14:04:08+08:00 ] ::1 /cyl/Public/Home/images/index_06.jpg
INFO: [ app_init ] --START--
INFO: Run Behavior\BuildLiteBehavior [ RunTime:0.000237s ]
INFO: [ app_init ] --END-- [ RunTime:0.001519s ]

[ 2016-07-20T14:04:08+08:00 ] ::1 /cyl/Public/Home/images/index/banner1.jpg
INFO: [ app_init ] --START--
INFO: Run Behavior\BuildLiteBehavior [ RunTime:0.000111s ]
INFO: [ app_init ] --END-- [ RunTime:0.001988s ]

[ 2016-07-20T14:04:09+08:00 ] ::1 /cyl/Public/Home/images/index/pro1.jpg
INFO: [ app_init ] --START--
INFO: Run Behavior\BuildLiteBehavior [ RunTime:0.000077s ]
INFO: [ app_init ] --END-- [ RunTime:0.001084s ]

[ 2016-07-20T14:04:09+08:00 ] ::1 /cyl/Public/Home/images/index/pro2.jpg
INFO: [ app_init ] --START--
INFO: Run Behavior\BuildLiteBehavior [ RunTime:0.000070s ]
INFO: [ app_init ] --END-- [ RunTime:0.001064s ]

[ 2016-07-20T14:04:09+08:00 ] ::1 /cyl/Public/Home/images/index/star1.jpg
INFO: [ app_init ] --START--
INFO: Run Behavior\BuildLiteBehavior [ RunTime:0.000078s ]
INFO: [ app_init ] --END-- [ RunTime:0.005656s ]

[ 2016-07-20T14:04:09+08:00 ] ::1 /cyl/Public/Home/images/index/star2.jpg
INFO: [ app_init ] --START--
INFO: Run Behavior\BuildLiteBehavior [ RunTime:0.000085s ]
INFO: [ app_init ] --END-- [ RunTime:0.001565s ]

[ 2016-07-20T14:04:09+08:00 ] ::1 /cyl/Public/Home/images/index/star3.jpg
INFO: [ app_init ] --START--
INFO: Run Behavior\BuildLiteBehavior [ RunTime:0.000078s ]
INFO: [ app_init ] --END-- [ RunTime:0.001071s ]

[ 2016-07-20T14:04:09+08:00 ] ::1 /cyl/Public/Home/images/index/wine1.png
INFO: [ app_init ] --START--
INFO: Run Behavior\BuildLiteBehavior [ RunTime:0.000041s ]
INFO: [ app_init ] --END-- [ RunTime:0.000648s ]

[ 2016-07-20T14:04:09+08:00 ] ::1 /cyl/Public/Home/images/index/series1.jpg
INFO: [ app_init ] --START--
INFO: Run Behavior\BuildLiteBehavior [ RunTime:0.000076s ]
INFO: [ app_init ] --END-- [ RunTime:0.001068s ]

[ 2016-07-20T14:04:09+08:00 ] ::1 /cyl/Public/Home/images/index/series3.jpg
INFO: [ app_init ] --START--
INFO: Run Behavior\BuildLiteBehavior [ RunTime:0.000054s ]
INFO: [ app_init ] --END-- [ RunTime:0.000719s ]

[ 2016-07-20T14:04:09+08:00 ] ::1 /cyl/Public/Home/images/index/series4.jpg
INFO: [ app_init ] --START--
INFO: Run Behavior\BuildLiteBehavior [ RunTime:0.000075s ]
INFO: [ app_init ] --END-- [ RunTime:0.001016s ]

[ 2016-07-20T14:04:09+08:00 ] ::1 /cyl/Public/Home/images/index/series2.jpg
INFO: [ app_init ] --START--
INFO: Run Behavior\BuildLiteBehavior [ RunTime:0.000072s ]
INFO: [ app_init ] --END-- [ RunTime:0.001163s ]

[ 2016-07-20T14:04:09+08:00 ] ::1 /cyl/Public/Home/images/index/series6.jpg
INFO: [ app_init ] --START--
INFO: Run Behavior\BuildLiteBehavior [ RunTime:0.000098s ]
INFO: [ app_init ] --END-- [ RunTime:0.001498s ]

[ 2016-07-20T14:04:09+08:00 ] ::1 /cyl/Public/Home/images/index/wine2.png
INFO: [ app_init ] --START--
INFO: Run Behavior\BuildLiteBehavior [ RunTime:0.000046s ]
INFO: [ app_init ] --END-- [ RunTime:0.001052s ]

[ 2016-07-20T14:04:09+08:00 ] ::1 /cyl/Public/Home/images/index/series21.jpg
INFO: [ app_init ] --START--
INFO: Run Behavior\BuildLiteBehavior [ RunTime:0.000094s ]
INFO: [ app_init ] --END-- [ RunTime:0.001938s ]

[ 2016-07-20T14:04:09+08:00 ] ::1 /cyl/Public/Home/images/index/series22.jpg
INFO: [ app_init ] --START--
INFO: Run Behavior\BuildLiteBehavior [ RunTime:0.000094s ]
INFO: [ app_init ] --END-- [ RunTime:0.002793s ]

[ 2016-07-20T14:04:09+08:00 ] ::1 /cyl/Public/Home/images/index/series23.jpg
INFO: [ app_init ] --START--
INFO: Run Behavior\BuildLiteBehavior [ RunTime:0.000072s ]
INFO: [ app_init ] --END-- [ RunTime:0.001084s ]

[ 2016-07-20T14:04:09+08:00 ] ::1 /cyl/Public/Home/images/index/wine3.png
INFO: [ app_init ] --START--
INFO: Run Behavior\BuildLiteBehavior [ RunTime:0.000079s ]
INFO: [ app_init ] --END-- [ RunTime:0.001232s ]

[ 2016-07-20T14:04:09+08:00 ] ::1 /cyl/Public/Home/images/index/series24.jpg
INFO: [ app_init ] --START--
INFO: Run Behavior\BuildLiteBehavior [ RunTime:0.000086s ]
INFO: [ app_init ] --END-- [ RunTime:0.001104s ]

[ 2016-07-20T14:04:09+08:00 ] ::1 /cyl/Public/Home/images/index/series32.jpg
INFO: [ app_init ] --START--
INFO: Run Behavior\BuildLiteBehavior [ RunTime:0.000078s ]
INFO: [ app_init ] --END-- [ RunTime:0.001133s ]

[ 2016-07-20T14:04:09+08:00 ] ::1 /cyl/Public/Home/images/index/series31.jpg
INFO: [ app_init ] --START--
INFO: Run Behavior\BuildLiteBehavior [ RunTime:0.000070s ]
INFO: [ app_init ] --END-- [ RunTime:0.001075s ]

[ 2016-07-20T14:04:09+08:00 ] ::1 /cyl/Public/Home/js/backtop.js
INFO: [ app_init ] --START--
INFO: Run Behavior\BuildLiteBehavior [ RunTime:0.000093s ]
INFO: [ app_init ] --END-- [ RunTime:0.000825s ]
INFO: [ app_begin ] --START--
INFO: Run Behavior\ReadHtmlCacheBehavior [ RunTime:0.000973s ]
INFO: [ app_begin ] --END-- [ RunTime:0.001180s ]
NOTIC: [8192] mysql_connect(): The mysql extension is deprecated and will be removed in the future: use mysqli or PDO instead E:\wamp\www\cyl\ThinkPHP\Library\Think\Session\Driver\Db.class.php 第 95 行.
ERR: 无法加载控制器:Public

[ 2016-07-20T14:04:09+08:00 ] ::1 /cyl/Public/Home/images/index/series34.jpg
INFO: [ app_init ] --START--
INFO: Run Behavior\BuildLiteBehavior [ RunTime:0.000073s ]
INFO: [ app_init ] --END-- [ RunTime:0.001049s ]

[ 2016-07-20T14:04:09+08:00 ] ::1 /cyl/Public/Home/js/slides.jquery.js
INFO: [ app_init ] --START--
INFO: Run Behavior\BuildLiteBehavior [ RunTime:0.000066s ]
INFO: [ app_init ] --END-- [ RunTime:0.000827s ]
INFO: [ app_begin ] --START--
INFO: Run Behavior\ReadHtmlCacheBehavior [ RunTime:0.001131s ]
INFO: [ app_begin ] --END-- [ RunTime:0.001339s ]
NOTIC: [8192] mysql_connect(): The mysql extension is deprecated and will be removed in the future: use mysqli or PDO instead E:\wamp\www\cyl\ThinkPHP\Library\Think\Session\Driver\Db.class.php 第 95 行.
ERR: 无法加载控制器:Public

[ 2016-07-20T14:04:09+08:00 ] ::1 /cyl/Public/Home/images/index/series36.jpg
INFO: [ app_init ] --START--
INFO: Run Behavior\BuildLiteBehavior [ RunTime:0.000122s ]
INFO: [ app_init ] --END-- [ RunTime:0.002441s ]

[ 2016-07-20T14:04:09+08:00 ] ::1 /cyl/Public/Home/js/jquery.pin.js
INFO: [ app_init ] --START--
INFO: Run Behavior\BuildLiteBehavior [ RunTime:0.000056s ]
INFO: [ app_init ] --END-- [ RunTime:0.001011s ]
INFO: [ app_begin ] --START--
INFO: Run Behavior\ReadHtmlCacheBehavior [ RunTime:0.000755s ]
INFO: [ app_begin ] --END-- [ RunTime:0.000935s ]
NOTIC: [8192] mysql_connect(): The mysql extension is deprecated and will be removed in the future: use mysqli or PDO instead E:\wamp\www\cyl\ThinkPHP\Library\Think\Session\Driver\Db.class.php 第 95 行.
ERR: 无法加载控制器:Public

[ 2016-07-20T14:04:09+08:00 ] ::1 /cyl/Public/Home/images/index/series37.jpg
INFO: [ app_init ] --START--
INFO: Run Behavior\BuildLiteBehavior [ RunTime:0.000074s ]
INFO: [ app_init ] --END-- [ RunTime:0.001054s ]

[ 2016-07-20T14:04:09+08:00 ] ::1 /cyl/Public/Home/images/index/series38.jpg
INFO: [ app_init ] --START--
INFO: Run Behavior\BuildLiteBehavior [ RunTime:0.000076s ]
INFO: [ app_init ] --END-- [ RunTime:0.001081s ]

[ 2016-07-20T14:04:09+08:00 ] ::1 /cyl/Public/Home/images/index/wine4.png
INFO: [ app_init ] --START--
INFO: Run Behavior\BuildLiteBehavior [ RunTime:0.000082s ]
INFO: [ app_init ] --END-- [ RunTime:0.001306s ]

[ 2016-07-20T14:04:09+08:00 ] ::1 /cyl/Public/Home/images/index/series41.jpg
INFO: [ app_init ] --START--
INFO: Run Behavior\BuildLiteBehavior [ RunTime:0.000079s ]
INFO: [ app_init ] --END-- [ RunTime:0.001053s ]

[ 2016-07-20T14:04:09+08:00 ] ::1 /cyl/Public/Home/images/index/series40.jpg
INFO: [ app_init ] --START--
INFO: Run Behavior\BuildLiteBehavior [ RunTime:0.000073s ]
INFO: [ app_init ] --END-- [ RunTime:0.001019s ]

[ 2016-07-20T14:04:09+08:00 ] ::1 /cyl/Public/Home/images/login/login_09.jpg
INFO: [ app_init ] --START--
INFO: Run Behavior\BuildLiteBehavior [ RunTime:0.000277s ]
INFO: [ app_init ] --END-- [ RunTime:0.020494s ]

[ 2016-07-20T14:04:09+08:00 ] ::1 /cyl/Public/Home/images/login/login_16.jpg
INFO: [ app_init ] --START--
INFO: Run Behavior\BuildLiteBehavior [ RunTime:0.000074s ]
INFO: [ app_init ] --END-- [ RunTime:0.001039s ]

[ 2016-07-20T14:04:09+08:00 ] ::1 /cyl/Public/Home/images/login/login_18.jpg
INFO: [ app_init ] --START--
INFO: Run Behavior\BuildLiteBehavior [ RunTime:0.000071s ]
INFO: [ app_init ] --END-- [ RunTime:0.001072s ]

[ 2016-07-20T14:04:09+08:00 ] ::1 /cyl/Public/Home/images/index/series42.jpg
INFO: [ app_init ] --START--
INFO: Run Behavior\BuildLiteBehavior [ RunTime:0.000084s ]
INFO: [ app_init ] --END-- [ RunTime:0.018237s ]

[ 2016-07-20T14:04:09+08:00 ] ::1 /cyl/Public/Home/images/login/login_09-04.jpg
INFO: [ app_init ] --START--
INFO: Run Behavior\BuildLiteBehavior [ RunTime:0.000076s ]
INFO: [ app_init ] --END-- [ RunTime:0.001561s ]

[ 2016-07-20T14:04:10+08:00 ] ::1 /cyl/Public/Home/js/mySystem.js
INFO: [ app_init ] --START--
INFO: Run Behavior\BuildLiteBehavior [ RunTime:0.000085s ]
INFO: [ app_init ] --END-- [ RunTime:0.001292s ]
INFO: [ app_begin ] --START--
INFO: Run Behavior\ReadHtmlCacheBehavior [ RunTime:0.000980s ]
INFO: [ app_begin ] --END-- [ RunTime:0.001260s ]
NOTIC: [8192] mysql_connect(): The mysql extension is deprecated and will be removed in the future: use mysqli or PDO instead E:\wamp\www\cyl\ThinkPHP\Library\Think\Session\Driver\Db.class.php 第 95 行.
ERR: 无法加载控制器:Public

[ 2016-07-20T14:04:11+08:00 ] ::1 /cyl/Public/Home/js/slides.jquery.js
INFO: [ app_init ] --START--
INFO: Run Behavior\BuildLiteBehavior [ RunTime:0.000039s ]
INFO: [ app_init ] --END-- [ RunTime:0.000834s ]
INFO: [ app_begin ] --START--
INFO: Run Behavior\ReadHtmlCacheBehavior [ RunTime:0.001047s ]
INFO: [ app_begin ] --END-- [ RunTime:0.001331s ]
NOTIC: [8192] mysql_connect(): The mysql extension is deprecated and will be removed in the future: use mysqli or PDO instead E:\wamp\www\cyl\ThinkPHP\Library\Think\Session\Driver\Db.class.php 第 95 行.
ERR: 无法加载控制器:Public

[ 2016-07-20T14:04:11+08:00 ] ::1 /cyl/Public/Home/images/index/banner1.jpg
INFO: [ app_init ] --START--
INFO: Run Behavior\BuildLiteBehavior [ RunTime:0.000083s ]
INFO: [ app_init ] --END-- [ RunTime:0.001508s ]

[ 2016-07-20T14:04:11+08:00 ] ::1 /cyl/Public/Home/images/index/pro1.jpg
INFO: [ app_init ] --START--
INFO: Run Behavior\BuildLiteBehavior [ RunTime:0.000090s ]
INFO: [ app_init ] --END-- [ RunTime:0.001270s ]

[ 2016-07-20T14:04:11+08:00 ] ::1 /cyl/Public/Home/images/index/pro2.jpg
INFO: [ app_init ] --START--
INFO: Run Behavior\BuildLiteBehavior [ RunTime:0.000080s ]
INFO: [ app_init ] --END-- [ RunTime:0.002670s ]

[ 2016-07-20T14:04:11+08:00 ] ::1 /cyl/Public/Home/images/index/star1.jpg
INFO: [ app_init ] --START--
INFO: Run Behavior\BuildLiteBehavior [ RunTime:0.000076s ]
INFO: [ app_init ] --END-- [ RunTime:0.001728s ]

[ 2016-07-20T14:04:11+08:00 ] ::1 /cyl/Public/Home/images/index/star3.jpg
INFO: [ app_init ] --START--
INFO: Run Behavior\BuildLiteBehavior [ RunTime:0.000085s ]
INFO: [ app_init ] --END-- [ RunTime:0.001465s ]

[ 2016-07-20T14:04:11+08:00 ] ::1 /cyl/Public/Home/images/index/wine1.png
INFO: [ app_init ] --START--
INFO: Run Behavior\BuildLiteBehavior [ RunTime:0.000104s ]
INFO: [ app_init ] --END-- [ RunTime:0.001134s ]

[ 2016-07-20T14:04:11+08:00 ] ::1 /cyl/Public/Home/images/index/series4.jpg
INFO: [ app_init ] --START--
INFO: Run Behavior\BuildLiteBehavior [ RunTime:0.000077s ]
INFO: [ app_init ] --END-- [ RunTime:0.001101s ]

[ 2016-07-20T14:04:11+08:00 ] ::1 /cyl/Public/Home/images/index/series3.jpg
INFO: [ app_init ] --START--
INFO: Run Behavior\BuildLiteBehavior [ RunTime:0.000068s ]
INFO: [ app_init ] --END-- [ RunTime:0.001189s ]

[ 2016-07-20T14:04:11+08:00 ] ::1 /cyl/Public/Home/images/index/series2.jpg
INFO: [ app_init ] --START--
INFO: Run Behavior\BuildLiteBehavior [ RunTime:0.000059s ]
INFO: [ app_init ] --END-- [ RunTime:0.001001s ]

[ 2016-07-20T14:04:11+08:00 ] ::1 /cyl/Public/Home/images/index/series5.jpg
INFO: [ app_init ] --START--
INFO: Run Behavior\BuildLiteBehavior [ RunTime:0.000082s ]
INFO: [ app_init ] --END-- [ RunTime:0.001221s ]

[ 2016-07-20T14:04:11+08:00 ] ::1 /cyl/Public/Home/images/index/series6.jpg
INFO: [ app_init ] --START--
INFO: Run Behavior\BuildLiteBehavior [ RunTime:0.000112s ]
INFO: [ app_init ] --END-- [ RunTime:0.001109s ]

[ 2016-07-20T14:04:11+08:00 ] ::1 /cyl/Public/Home/images/index/series22.jpg
INFO: [ app_init ] --START--
INFO: Run Behavior\BuildLiteBehavior [ RunTime:0.000084s ]
INFO: [ app_init ] --END-- [ RunTime:0.001143s ]

[ 2016-07-20T14:04:11+08:00 ] ::1 /cyl/Public/Home/images/index/series23.jpg
INFO: [ app_init ] --START--
INFO: Run Behavior\BuildLiteBehavior [ RunTime:0.000070s ]
INFO: [ app_init ] --END-- [ RunTime:0.001028s ]

[ 2016-07-20T14:04:11+08:00 ] ::1 /cyl/Public/Home/images/index/series1.jpg
INFO: [ app_init ] --START--
INFO: Run Behavior\BuildLiteBehavior [ RunTime:0.000072s ]
INFO: [ app_init ] --END-- [ RunTime:0.001452s ]

[ 2016-07-20T14:04:11+08:00 ] ::1 /cyl/Public/Home/images/index/series21.jpg
INFO: [ app_init ] --START--
INFO: Run Behavior\BuildLiteBehavior [ RunTime:0.000080s ]
INFO: [ app_init ] --END-- [ RunTime:0.001224s ]

[ 2016-07-20T14:04:12+08:00 ] ::1 /cyl/Public/Home/images/index/wine3.png
INFO: [ app_init ] --START--
INFO: Run Behavior\BuildLiteBehavior [ RunTime:0.000100s ]
INFO: [ app_init ] --END-- [ RunTime:0.001128s ]

[ 2016-07-20T14:04:12+08:00 ] ::1 /cyl/Public/Home/images/index/series31.jpg
INFO: [ app_init ] --START--
INFO: Run Behavior\BuildLiteBehavior [ RunTime:0.000129s ]
INFO: [ app_init ] --END-- [ RunTime:0.001161s ]

[ 2016-07-20T14:04:12+08:00 ] ::1 /cyl/Public/Home/images/index/series32.jpg
INFO: [ app_init ] --START--
INFO: Run Behavior\BuildLiteBehavior [ RunTime:0.000075s ]
INFO: [ app_init ] --END-- [ RunTime:0.001074s ]

[ 2016-07-20T14:04:12+08:00 ] ::1 /cyl/Public/Home/images/index/series33.jpg
INFO: [ app_init ] --START--
INFO: Run Behavior\BuildLiteBehavior [ RunTime:0.000080s ]
INFO: [ app_init ] --END-- [ RunTime:0.001714s ]

[ 2016-07-20T14:04:12+08:00 ] ::1 /cyl/Public/Home/images/index/series34.jpg
INFO: [ app_init ] --START--
INFO: Run Behavior\BuildLiteBehavior [ RunTime:0.000068s ]
INFO: [ app_init ] --END-- [ RunTime:0.001003s ]

[ 2016-07-20T14:04:12+08:00 ] ::1 /cyl/Public/Home/images/index/series35.jpg
INFO: [ app_init ] --START--
INFO: Run Behavior\BuildLiteBehavior [ RunTime:0.000081s ]
INFO: [ app_init ] --END-- [ RunTime:0.001140s ]

[ 2016-07-20T14:04:12+08:00 ] ::1 /cyl/Public/Home/images/index/series36.jpg
INFO: [ app_init ] --START--
INFO: Run Behavior\BuildLiteBehavior [ RunTime:0.000078s ]
INFO: [ app_init ] --END-- [ RunTime:0.001133s ]

[ 2016-07-20T14:04:12+08:00 ] ::1 /cyl/Public/Home/images/index/series24.jpg
INFO: [ app_init ] --START--
INFO: Run Behavior\BuildLiteBehavior [ RunTime:0.000077s ]
INFO: [ app_init ] --END-- [ RunTime:0.001045s ]

[ 2016-07-20T14:04:12+08:00 ] ::1 /cyl/Public/Home/images/index/series38.jpg
INFO: [ app_init ] --START--
INFO: Run Behavior\BuildLiteBehavior [ RunTime:0.000072s ]
INFO: [ app_init ] --END-- [ RunTime:0.001124s ]

[ 2016-07-20T14:04:12+08:00 ] ::1 /cyl/Public/Home/images/index/star2.jpg
INFO: [ app_init ] --START--
INFO: Run Behavior\BuildLiteBehavior [ RunTime:0.000079s ]
INFO: [ app_init ] --END-- [ RunTime:0.002222s ]

[ 2016-07-20T14:04:12+08:00 ] ::1 /cyl/Public/Home/images/index/series40.jpg
INFO: [ app_init ] --START--
INFO: Run Behavior\BuildLiteBehavior [ RunTime:0.000089s ]
INFO: [ app_init ] --END-- [ RunTime:0.005225s ]

[ 2016-07-20T14:04:12+08:00 ] ::1 /cyl/Public/Home/images/index/series42.jpg
INFO: [ app_init ] --START--
INFO: Run Behavior\BuildLiteBehavior [ RunTime:0.000083s ]
INFO: [ app_init ] --END-- [ RunTime:0.001140s ]

[ 2016-07-20T14:04:12+08:00 ] ::1 /cyl/Public/Home/images/index/wine4.png
INFO: [ app_init ] --START--
INFO: Run Behavior\BuildLiteBehavior [ RunTime:0.000081s ]
INFO: [ app_init ] --END-- [ RunTime:0.001694s ]

[ 2016-07-20T14:04:12+08:00 ] ::1 /cyl/Public/Home/images/index/series41.jpg
INFO: [ app_init ] --START--
INFO: Run Behavior\BuildLiteBehavior [ RunTime:0.000079s ]
INFO: [ app_init ] --END-- [ RunTime:0.001277s ]

[ 2016-07-20T14:04:12+08:00 ] ::1 /cyl/Public/Home/images/index/series37.jpg
INFO: [ app_init ] --START--
INFO: Run Behavior\BuildLiteBehavior [ RunTime:0.000076s ]
INFO: [ app_init ] --END-- [ RunTime:0.001251s ]

[ 2016-07-20T14:04:13+08:00 ] ::1 /cyl/Public/Home/js/backtop.js
INFO: [ app_init ] --START--
INFO: Run Behavior\BuildLiteBehavior [ RunTime:0.000083s ]
INFO: [ app_init ] --END-- [ RunTime:0.001229s ]
INFO: [ app_begin ] --START--
INFO: Run Behavior\ReadHtmlCacheBehavior [ RunTime:0.001344s ]
INFO: [ app_begin ] --END-- [ RunTime:0.001752s ]
NOTIC: [8192] mysql_connect(): The mysql extension is deprecated and will be removed in the future: use mysqli or PDO instead E:\wamp\www\cyl\ThinkPHP\Library\Think\Session\Driver\Db.class.php 第 95 行.
ERR: 无法加载控制器:Public

[ 2016-07-20T14:04:14+08:00 ] ::1 /cyl/Public/Home/js/jquery.pin.js
INFO: [ app_init ] --START--
INFO: Run Behavior\BuildLiteBehavior [ RunTime:0.000047s ]
INFO: [ app_init ] --END-- [ RunTime:0.000829s ]
INFO: [ app_begin ] --START--
INFO: Run Behavior\ReadHtmlCacheBehavior [ RunTime:0.000837s ]
INFO: [ app_begin ] --END-- [ RunTime:0.001004s ]
NOTIC: [8192] mysql_connect(): The mysql extension is deprecated and will be removed in the future: use mysqli or PDO instead E:\wamp\www\cyl\ThinkPHP\Library\Think\Session\Driver\Db.class.php 第 95 行.
ERR: 无法加载控制器:Public

[ 2016-07-20T14:04:14+08:00 ] ::1 /cyl/Public/Home/images/login/login_09-04.jpg
INFO: [ app_init ] --START--
INFO: Run Behavior\BuildLiteBehavior [ RunTime:0.000196s ]
INFO: [ app_init ] --END-- [ RunTime:0.001194s ]

[ 2016-07-20T14:04:14+08:00 ] ::1 /cyl/Public/Home/images/login/login_09.jpg
INFO: [ app_init ] --START--
INFO: Run Behavior\BuildLiteBehavior [ RunTime:0.000071s ]
INFO: [ app_init ] --END-- [ RunTime:0.001302s ]

[ 2016-07-20T14:04:14+08:00 ] ::1 /cyl/Public/Home/images/login/login_18.jpg
INFO: [ app_init ] --START--
INFO: Run Behavior\BuildLiteBehavior [ RunTime:0.000086s ]
INFO: [ app_init ] --END-- [ RunTime:0.001653s ]

[ 2016-07-20T14:04:14+08:00 ] ::1 /cyl/Public/Home/images/login/login_16.jpg
INFO: [ app_init ] --START--
INFO: Run Behavior\BuildLiteBehavior [ RunTime:0.000092s ]
INFO: [ app_init ] --END-- [ RunTime:0.001214s ]

[ 2016-07-20T14:04:14+08:00 ] ::1 /cyl/Public/Home/js/backtop.js
INFO: [ app_init ] --START--
INFO: Run Behavior\BuildLiteBehavior [ RunTime:0.000039s ]
INFO: [ app_init ] --END-- [ RunTime:0.000734s ]
INFO: [ app_begin ] --START--
INFO: Run Behavior\ReadHtmlCacheBehavior [ RunTime:0.000807s ]
INFO: [ app_begin ] --END-- [ RunTime:0.001026s ]
NOTIC: [8192] mysql_connect(): The mysql extension is deprecated and will be removed in the future: use mysqli or PDO instead E:\wamp\www\cyl\ThinkPHP\Library\Think\Session\Driver\Db.class.php 第 95 行.
ERR: 无法加载控制器:Public

