[ 2016-07-18T22:53:43+08:00 ] ::1 /cyl/home
INFO: [ app_init ] --START--
INFO: Run Behavior\BuildLiteBehavior [ RunTime:0.000018s ]
INFO: [ app_init ] --END-- [ RunTime:0.000328s ]
INFO: [ app_begin ] --START--
INFO: Run Behavior\ReadHtmlCacheBehavior [ RunTime:0.000627s ]
INFO: [ app_begin ] --END-- [ RunTime:0.000748s ]
NOTIC: [8192] mysql_connect(): The mysql extension is deprecated and will be removed in the future: use mysqli or PDO instead E:\wamp\www\cyl\ThinkPHP\Library\Think\Session\Driver\Db.class.php 第 95 行.
ERR: 1146:Table 'cheyouli.md_coupon' doesn't exist
 [ SQL语句 ] : SHOW COLUMNS FROM `md_coupon`
ERR: 1146:Table 'cheyouli.md_coupon' doesn't exist
 [ SQL语句 ] : SHOW COLUMNS FROM `md_coupon`

[ 2016-07-18T22:56:20+08:00 ] ::1 /cyl/home
INFO: [ app_init ] --START--
INFO: Run Behavior\BuildLiteBehavior [ RunTime:0.000047s ]
INFO: [ app_init ] --END-- [ RunTime:0.000994s ]
INFO: [ app_begin ] --START--
INFO: Run Behavior\ReadHtmlCacheBehavior [ RunTime:0.001190s ]
INFO: [ app_begin ] --END-- [ RunTime:0.001419s ]
NOTIC: [8192] mysql_connect(): The mysql extension is deprecated and will be removed in the future: use mysqli or PDO instead E:\wamp\www\cyl\ThinkPHP\Library\Think\Session\Driver\Db.class.php 第 95 行.
NOTIC: [8] Undefined variable: data E:\wamp\www\cyl\Application\Home\Controller\IndexController.class.php 第 26 行.
NOTIC: [8] Undefined variable: seo_data E:\wamp\www\cyl\Application\Home\Controller\IndexController.class.php 第 27 行.
INFO: [ view_parse ] --START--
INFO: [ template_filter ] --START--
INFO: Run Behavior\ContentReplaceBehavior [ RunTime:0.000381s ]
INFO: [ template_filter ] --END-- [ RunTime:0.000603s ]
SQL: SHOW COLUMNS FROM `md_system_config` [ RunTime:0.0404s ]
SQL: SELECT * FROM `md_system_config` WHERE ( system_config_id=1 ) LIMIT 1   [ RunTime:0.0005s ]
NOTIC: [8] Undefined index: keywords E:\wamp\www\cyl\Application\Home\Widget\HomeWidget.class.php 第 11 行.
NOTIC: [8] Undefined index: description E:\wamp\www\cyl\Application\Home\Widget\HomeWidget.class.php 第 12 行.
ERR: 1146:Table 'cheyouli.md_item_category' doesn't exist
 [ SQL语句 ] : SHOW COLUMNS FROM `md_item_category`
ERR: 1146:Table 'cheyouli.md_item_category' doesn't exist
 [ SQL语句 ] : SHOW COLUMNS FROM `md_item_category`

[ 2016-07-18T22:56:49+08:00 ] ::1 /cyl/home
INFO: [ app_init ] --START--
INFO: Run Behavior\BuildLiteBehavior [ RunTime:0.000047s ]
INFO: [ app_init ] --END-- [ RunTime:0.000935s ]
INFO: [ app_begin ] --START--
INFO: Run Behavior\ReadHtmlCacheBehavior [ RunTime:0.000663s ]
INFO: [ app_begin ] --END-- [ RunTime:0.000782s ]
NOTIC: [8192] mysql_connect(): The mysql extension is deprecated and will be removed in the future: use mysqli or PDO instead E:\wamp\www\cyl\ThinkPHP\Library\Think\Session\Driver\Db.class.php 第 95 行.
NOTIC: [8] Undefined variable: data E:\wamp\www\cyl\Application\Home\Controller\IndexController.class.php 第 26 行.
NOTIC: [8] Undefined variable: seo_data E:\wamp\www\cyl\Application\Home\Controller\IndexController.class.php 第 27 行.
INFO: [ view_parse ] --START--
INFO: [ template_filter ] --START--
INFO: Run Behavior\ContentReplaceBehavior [ RunTime:0.000208s ]
INFO: [ template_filter ] --END-- [ RunTime:0.000326s ]
INFO: [ view_parse ] --START--
INFO: [ template_filter ] --START--
INFO: Run Behavior\ContentReplaceBehavior [ RunTime:0.000091s ]
INFO: [ template_filter ] --END-- [ RunTime:-0.004310s ]
NOTIC: [8] Undefined variable: keyword E:\wamp\www\cyl\Application\Runtime\Cache\Home\89aa31ee82b248714b700c2369a83d7b.php 第 68 行.
NOTIC: [2] Invalid argument supplied for foreach() E:\wamp\www\cyl\Application\Runtime\Cache\Home\89aa31ee82b248714b700c2369a83d7b.php 第 99 行.
INFO: Run Behavior\ParseTemplateBehavior [ RunTime:0.006122s ]
INFO: [ view_parse ] --END-- [ RunTime:0.006228s ]
INFO: [ view_filter ] --START--
INFO: Run Behavior\WriteHtmlCacheBehavior [ RunTime:0.000501s ]
INFO: [ view_filter ] --END-- [ RunTime:0.000604s ]
INFO: [ view_parse ] --START--
INFO: [ template_filter ] --START--
INFO: Run Behavior\ContentReplaceBehavior [ RunTime:0.000073s ]
INFO: [ template_filter ] --END-- [ RunTime:-0.011098s ]
INFO: Run Behavior\ParseTemplateBehavior [ RunTime:0.003018s ]
INFO: [ view_parse ] --END-- [ RunTime:-0.001034s ]
INFO: [ view_filter ] --START--
INFO: Run Behavior\WriteHtmlCacheBehavior [ RunTime:0.000027s ]
INFO: [ view_filter ] --END-- [ RunTime:-0.003559s ]
INFO: Run Behavior\ParseTemplateBehavior [ RunTime:0.003350s ]
INFO: [ view_parse ] --END-- [ RunTime:-0.001034s ]
INFO: [ view_filter ] --START--
INFO: Run Behavior\WriteHtmlCacheBehavior [ RunTime:0.000025s ]
INFO: [ view_filter ] --END-- [ RunTime:-0.003903s ]
INFO: [ app_end ] --START--
INFO: Run Behavior\ShowPageTraceBehavior [ RunTime:0.000671s ]
INFO: [ app_end ] --END-- [ RunTime:0.000760s ]

[ 2016-07-18T23:09:51+08:00 ] ::1 /cyl/Home/Index/index.html
INFO: [ app_init ] --START--
INFO: Run Behavior\BuildLiteBehavior [ RunTime:0.000023s ]
INFO: [ app_init ] --END-- [ RunTime:0.000575s ]
INFO: [ app_begin ] --START--
INFO: Run Behavior\ReadHtmlCacheBehavior [ RunTime:0.000538s ]
INFO: [ app_begin ] --END-- [ RunTime:0.000646s ]
NOTIC: [8192] mysql_connect(): The mysql extension is deprecated and will be removed in the future: use mysqli or PDO instead E:\wamp\www\cyl\ThinkPHP\Library\Think\Session\Driver\Db.class.php 第 95 行.
NOTIC: [8] Undefined variable: data E:\wamp\www\cyl\Application\Home\Controller\IndexController.class.php 第 26 行.
NOTIC: [8] Undefined variable: seo_data E:\wamp\www\cyl\Application\Home\Controller\IndexController.class.php 第 27 行.
INFO: [ view_parse ] --START--
INFO: [ template_filter ] --START--
INFO: Run Behavior\ContentReplaceBehavior [ RunTime:0.000442s ]
INFO: [ template_filter ] --END-- [ RunTime:0.000650s ]
INFO: [ view_parse ] --START--
INFO: [ template_filter ] --START--
INFO: Run Behavior\ContentReplaceBehavior [ RunTime:0.000067s ]
INFO: [ template_filter ] --END-- [ RunTime:-0.005960s ]
NOTIC: [8] Undefined variable: keyword E:\wamp\www\cyl\Application\Runtime\Cache\Home\89aa31ee82b248714b700c2369a83d7b.php 第 68 行.
NOTIC: [2] Invalid argument supplied for foreach() E:\wamp\www\cyl\Application\Runtime\Cache\Home\89aa31ee82b248714b700c2369a83d7b.php 第 99 行.
INFO: Run Behavior\ParseTemplateBehavior [ RunTime:0.004295s ]
INFO: [ view_parse ] --END-- [ RunTime:0.004375s ]
INFO: [ view_filter ] --START--
INFO: Run Behavior\WriteHtmlCacheBehavior [ RunTime:0.000375s ]
INFO: [ view_filter ] --END-- [ RunTime:0.000445s ]
INFO: [ view_parse ] --START--
INFO: [ template_filter ] --START--
INFO: Run Behavior\ContentReplaceBehavior [ RunTime:0.000125s ]
INFO: [ template_filter ] --END-- [ RunTime:-0.011200s ]
INFO: Run Behavior\ParseTemplateBehavior [ RunTime:0.003594s ]
INFO: [ view_parse ] --END-- [ RunTime:-0.000802s ]
INFO: [ view_filter ] --START--
INFO: Run Behavior\WriteHtmlCacheBehavior [ RunTime:0.000022s ]
INFO: [ view_filter ] --END-- [ RunTime:-0.004041s ]
INFO: Run Behavior\ParseTemplateBehavior [ RunTime:0.003860s ]
INFO: [ view_parse ] --END-- [ RunTime:-0.000802s ]
INFO: [ view_filter ] --START--
INFO: Run Behavior\WriteHtmlCacheBehavior [ RunTime:0.000019s ]
INFO: [ view_filter ] --END-- [ RunTime:-0.004310s ]
INFO: [ app_end ] --START--
INFO: Run Behavior\ShowPageTraceBehavior [ RunTime:0.002324s ]
INFO: [ app_end ] --END-- [ RunTime:0.002436s ]

